maxTotalPoints: 30
messages: []
mode: all
parts:
- maxPoints: 5
  maxSeconds: 10
  messages: []
  name: 3.2.A1
  points: 5
  seconds: 0
- maxPoints: 5
  maxSeconds: 10
  messages: []
  name: 3.2.A2
  points: 5
  seconds: 0
- maxPoints: 5
  maxSeconds: 10
  messages: []
  name: 3.2.A3
  points: 5
  seconds: 0
- maxPoints: 5
  maxSeconds: 10
  messages: []
  name: 3.2.A4
  points: 5
  seconds: 0
- maxPoints: 5
  maxSeconds: 10
  messages: []
  name: 3.2.A5
  points: 5
  seconds: 0
- maxPoints: 5
  maxSeconds: 10
  messages: []
  name: 3.2.A7
  points: 5
  seconds: 0
totalPoints: 30
