maxTotalPoints: 37
messages: []
mode: all
parts:
- maxPoints: 5
  maxSeconds: 10
  messages: []
  name: 4A1
  points: 5
  seconds: 0
- maxPoints: 3
  maxSeconds: 10
  messages: []
  name: 4A2.1
  points: 3
  seconds: 0
- maxPoints: 2
  maxSeconds: 10
  messages: []
  name: 4A2.2
  points: 2
  seconds: 0
- maxPoints: 5
  maxSeconds: 10
  messages: []
  name: 4A3
  points: 5
  seconds: 0
- maxPoints: 5
  maxSeconds: 10
  messages: []
  name: 4B1.1
  points: 5
  seconds: 0
- maxPoints: 5
  maxSeconds: 10
  messages: []
  name: 4B1.2
  points: 5
  seconds: 0
- maxPoints: 2
  maxSeconds: 10
  messages: []
  name: 4B2
  points: 2
  seconds: 0
- maxPoints: 1
  maxSeconds: 10
  messages: []
  name: 4C1_1
  points: 1
  seconds: 0
- maxPoints: 1
  maxSeconds: 10
  messages: []
  name: 4C1_2
  points: 1
  seconds: 0
- maxPoints: 8
  maxSeconds: 10
  messages: []
  name: 4C2
  points: 8
  seconds: 9
totalPoints: 37
